2021-08-17 08:47:57.613 [main] DEBUG com.imooc.o2o.dao.ShopAuthMapDaoTest - Running with Spring Boot v2.5.3, Spring v5.3.9
2021-08-17 13:27:46.573 [main] DEBUG com.imooc.o2o.dao.ShopAuthMapDaoTest - Running with Spring Boot v2.5.3, Spring v5.3.9
2021-08-17 13:27:49.605 [main] DEBUG com.imooc.o2o.dao.ShopAuthMapDao.insertShopAuthMap - ==>  Preparing: INSERT INTO tb_shop_auth_map(employee_id,shop_id, title,title_flag,create_time,last_edit_time,enable_status) VALUES (?,?, ?,?,?,?,?)
2021-08-17 13:27:49.634 [main] DEBUG com.imooc.o2o.dao.ShopAuthMapDao.insertShopAuthMap - ==> Parameters: 1(Long), 13(Long), CEO(String), 1(Integer), 2021-08-17 13:27:49.299(Timestamp), 2021-08-17 13:27:49.299(Timestamp), 1(Integer)
2021-08-17 13:27:49.652 [main] DEBUG com.imooc.o2o.dao.ShopAuthMapDao.insertShopAuthMap - <==    Updates: 1
2021-08-17 13:27:49.654 [main] DEBUG com.imooc.o2o.dao.ShopAuthMapDao.insertShopAuthMap - ==>  Preparing: INSERT INTO tb_shop_auth_map(employee_id,shop_id, title,title_flag,create_time,last_edit_time,enable_status) VALUES (?,?, ?,?,?,?,?)
2021-08-17 13:27:49.654 [main] DEBUG com.imooc.o2o.dao.ShopAuthMapDao.insertShopAuthMap - ==> Parameters: 1(Long), 14(Long), 打工仔(String), 2(Integer), 2021-08-17 13:27:49.654(Timestamp), 2021-08-17 13:27:49.654(Timestamp), 0(Integer)
2021-08-17 13:27:49.656 [main] DEBUG com.imooc.o2o.dao.ShopAuthMapDao.insertShopAuthMap - <==    Updates: 1
2021-08-17 13:27:49.671 [main] DEBUG c.i.o.d.S.queryShopAuthMapListByShopId - ==>  Preparing: SELECT smap.shop_auth_id, smap.title, smap.title_flag, smap.create_time, smap.last_edit_time, smap.enable_status, p.user_id, p.name, s.shop_id, s.shop_name FROM tb_shop_auth_map smap, tb_person_info p, tb_shop s WHERE smap.employee_id = p.user_id AND smap.shop_id = s.shop_id AND smap.shop_id = ? LIMIT ?,?;
2021-08-17 13:27:49.671 [main] DEBUG c.i.o.d.S.queryShopAuthMapListByShopId - ==> Parameters: 13(Long), 0(Integer), 2(Integer)
2021-08-17 13:27:49.691 [main] DEBUG c.i.o.d.S.queryShopAuthMapListByShopId - <==      Total: 1
2021-08-17 13:27:49.695 [main] DEBUG c.i.o2o.dao.ShopAuthMapDao.queryShopAuthMapById - ==>  Preparing: SELECT smap.shop_auth_id, smap.title, smap.title_flag, smap.create_time, smap.last_edit_time, smap.enable_status, p.user_id, p.name, s.shop_id, s.shop_name FROM tb_shop_auth_map smap, tb_person_info p, tb_shop s WHERE smap.employee_id = p.user_id AND smap.shop_id = s.shop_id AND smap.shop_auth_id = ?;
2021-08-17 13:27:49.696 [main] DEBUG c.i.o2o.dao.ShopAuthMapDao.queryShopAuthMapById - ==> Parameters: 1(Long)
2021-08-17 13:27:49.697 [main] DEBUG c.i.o2o.dao.ShopAuthMapDao.queryShopAuthMapById - <==      Total: 1
2021-08-17 13:27:49.698 [main] DEBUG c.i.o.d.ShopAuthMapDao.queryShopAuthCountByShopId - ==>  Preparing: SELECT count(1) FROM tb_shop_auth_map smap, tb_person_info p, tb_shop s WHERE smap.employee_id = p.user_id AND smap.shop_id = s.shop_id AND smap.shop_id = ?
2021-08-17 13:27:49.699 [main] DEBUG c.i.o.d.ShopAuthMapDao.queryShopAuthCountByShopId - ==> Parameters: 1(Long)
2021-08-17 13:27:49.701 [main] DEBUG c.i.o.d.ShopAuthMapDao.queryShopAuthCountByShopId - <==      Total: 1
2021-08-17 13:27:49.709 [main] DEBUG c.i.o.d.S.queryShopAuthMapListByShopId - ==>  Preparing: SELECT smap.shop_auth_id, smap.title, smap.title_flag, smap.create_time, smap.last_edit_time, smap.enable_status, p.user_id, p.name, s.shop_id, s.shop_name FROM tb_shop_auth_map smap, tb_person_info p, tb_shop s WHERE smap.employee_id = p.user_id AND smap.shop_id = s.shop_id AND smap.shop_id = ? LIMIT ?,?;
2021-08-17 13:27:49.710 [main] DEBUG c.i.o.d.S.queryShopAuthMapListByShopId - ==> Parameters: 13(Long), 0(Integer), 1(Integer)
2021-08-17 13:27:49.712 [main] DEBUG c.i.o.d.S.queryShopAuthMapListByShopId - <==      Total: 1
2021-08-17 13:27:49.740 [main] DEBUG com.imooc.o2o.dao.ShopAuthMapDao.updateShopAuthMap - ==>  Preparing: UPDATE tb_shop_auth_map SET title=?, title_flag=?, enable_status=?, last_edit_time=? WHERE shop_auth_id=?
2021-08-17 13:27:49.741 [main] DEBUG com.imooc.o2o.dao.ShopAuthMapDao.updateShopAuthMap - ==> Parameters: CCO(String), 2(Integer), 1(Integer), 2021-08-17 13:27:49.0(Timestamp), 1(Long)
2021-08-17 13:27:49.745 [main] DEBUG com.imooc.o2o.dao.ShopAuthMapDao.updateShopAuthMap - <==    Updates: 1
2021-08-17 13:27:49.751 [main] DEBUG c.i.o.d.S.queryShopAuthMapListByShopId - ==>  Preparing: SELECT smap.shop_auth_id, smap.title, smap.title_flag, smap.create_time, smap.last_edit_time, smap.enable_status, p.user_id, p.name, s.shop_id, s.shop_name FROM tb_shop_auth_map smap, tb_person_info p, tb_shop s WHERE smap.employee_id = p.user_id AND smap.shop_id = s.shop_id AND smap.shop_id = ? LIMIT ?,?;
2021-08-17 13:27:49.752 [main] DEBUG c.i.o.d.S.queryShopAuthMapListByShopId - ==> Parameters: 13(Long), 0(Integer), 1(Integer)
2021-08-17 13:27:49.754 [main] DEBUG c.i.o.d.S.queryShopAuthMapListByShopId - <==      Total: 1
2021-08-17 13:27:49.755 [main] DEBUG c.i.o.d.S.queryShopAuthMapListByShopId - ==>  Preparing: SELECT smap.shop_auth_id, smap.title, smap.title_flag, smap.create_time, smap.last_edit_time, smap.enable_status, p.user_id, p.name, s.shop_id, s.shop_name FROM tb_shop_auth_map smap, tb_person_info p, tb_shop s WHERE smap.employee_id = p.user_id AND smap.shop_id = s.shop_id AND smap.shop_id = ? LIMIT ?,?;
2021-08-17 13:27:49.755 [main] DEBUG c.i.o.d.S.queryShopAuthMapListByShopId - ==> Parameters: 14(Long), 0(Integer), 1(Integer)
2021-08-17 13:27:49.756 [main] DEBUG c.i.o.d.S.queryShopAuthMapListByShopId - <==      Total: 1
2021-08-17 13:27:49.756 [main] DEBUG com.imooc.o2o.dao.ShopAuthMapDao.deleteShopAuthMap - ==>  Preparing: DELETE FROM tb_shop_auth_map WHERE shop_auth_id = ?
2021-08-17 13:27:49.757 [main] DEBUG com.imooc.o2o.dao.ShopAuthMapDao.deleteShopAuthMap - ==> Parameters: 1(Long)
2021-08-17 13:27:49.758 [main] DEBUG com.imooc.o2o.dao.ShopAuthMapDao.deleteShopAuthMap - <==    Updates: 1
2021-08-17 13:27:49.758 [main] DEBUG com.imooc.o2o.dao.ShopAuthMapDao.deleteShopAuthMap - ==>  Preparing: DELETE FROM tb_shop_auth_map WHERE shop_auth_id = ?
2021-08-17 13:27:49.759 [main] DEBUG com.imooc.o2o.dao.ShopAuthMapDao.deleteShopAuthMap - ==> Parameters: 2(Long)
2021-08-17 13:27:49.759 [main] DEBUG com.imooc.o2o.dao.ShopAuthMapDao.deleteShopAuthMap - <==    Updates: 1
2021-08-17 13:28:19.398 [main] DEBUG com.imooc.o2o.dao.ShopAuthMapDaoTest - Running with Spring Boot v2.5.3, Spring v5.3.9
2021-08-17 13:28:21.973 [main] DEBUG c.i.o.d.S.queryShopAuthMapListByShopId - ==>  Preparing: SELECT smap.shop_auth_id, smap.title, smap.title_flag, smap.create_time, smap.last_edit_time, smap.enable_status, p.user_id, p.name, s.shop_id, s.shop_name FROM tb_shop_auth_map smap, tb_person_info p, tb_shop s WHERE smap.employee_id = p.user_id AND smap.shop_id = s.shop_id AND smap.shop_id = ? LIMIT ?,?;
2021-08-17 13:28:21.997 [main] DEBUG c.i.o.d.S.queryShopAuthMapListByShopId - ==> Parameters: 13(Long), 0(Integer), 2(Integer)
2021-08-17 13:28:22.011 [main] DEBUG c.i.o.d.S.queryShopAuthMapListByShopId - <==      Total: 0
2021-08-17 13:29:19.218 [main] DEBUG com.imooc.o2o.dao.ShopAuthMapDaoTest - Running with Spring Boot v2.5.3, Spring v5.3.9
2021-08-17 13:29:21.780 [main] DEBUG c.i.o.d.S.queryShopAuthMapListByShopId - ==>  Preparing: SELECT smap.shop_auth_id, smap.title, smap.title_flag, smap.create_time, smap.last_edit_time, smap.enable_status, p.user_id, p.name, s.shop_id, s.shop_name FROM tb_shop_auth_map smap, tb_person_info p, tb_shop s WHERE smap.employee_id = p.user_id AND smap.shop_id = s.shop_id AND smap.shop_id = ? LIMIT ?,?;
2021-08-17 13:29:21.806 [main] DEBUG c.i.o.d.S.queryShopAuthMapListByShopId - ==> Parameters: 13(Long), 0(Integer), 2(Integer)
2021-08-17 13:29:21.821 [main] DEBUG c.i.o.d.S.queryShopAuthMapListByShopId - <==      Total: 0
2021-08-17 13:29:29.055 [main] DEBUG com.imooc.o2o.dao.ShopAuthMapDaoTest - Running with Spring Boot v2.5.3, Spring v5.3.9
2021-08-17 13:29:31.598 [main] DEBUG com.imooc.o2o.dao.ShopAuthMapDao.insertShopAuthMap - ==>  Preparing: INSERT INTO tb_shop_auth_map(employee_id,shop_id, title,title_flag,create_time,last_edit_time,enable_status) VALUES (?,?, ?,?,?,?,?)
2021-08-17 13:29:31.624 [main] DEBUG com.imooc.o2o.dao.ShopAuthMapDao.insertShopAuthMap - ==> Parameters: 1(Long), 13(Long), CEO(String), 1(Integer), 2021-08-17 13:29:31.339(Timestamp), 2021-08-17 13:29:31.339(Timestamp), 1(Integer)
2021-08-17 13:29:31.629 [main] DEBUG com.imooc.o2o.dao.ShopAuthMapDao.insertShopAuthMap - <==    Updates: 1
2021-08-17 13:29:31.630 [main] DEBUG com.imooc.o2o.dao.ShopAuthMapDao.insertShopAuthMap - ==>  Preparing: INSERT INTO tb_shop_auth_map(employee_id,shop_id, title,title_flag,create_time,last_edit_time,enable_status) VALUES (?,?, ?,?,?,?,?)
2021-08-17 13:29:31.631 [main] DEBUG com.imooc.o2o.dao.ShopAuthMapDao.insertShopAuthMap - ==> Parameters: 1(Long), 14(Long), 打工仔(String), 2(Integer), 2021-08-17 13:29:31.63(Timestamp), 2021-08-17 13:29:31.63(Timestamp), 0(Integer)
2021-08-17 13:29:31.632 [main] DEBUG com.imooc.o2o.dao.ShopAuthMapDao.insertShopAuthMap - <==    Updates: 1
2021-08-17 13:29:31.646 [main] DEBUG c.i.o.d.S.queryShopAuthMapListByShopId - ==>  Preparing: SELECT smap.shop_auth_id, smap.title, smap.title_flag, smap.create_time, smap.last_edit_time, smap.enable_status, p.user_id, p.name, s.shop_id, s.shop_name FROM tb_shop_auth_map smap, tb_person_info p, tb_shop s WHERE smap.employee_id = p.user_id AND smap.shop_id = s.shop_id AND smap.shop_id = ? LIMIT ?,?;
2021-08-17 13:29:31.646 [main] DEBUG c.i.o.d.S.queryShopAuthMapListByShopId - ==> Parameters: 13(Long), 0(Integer), 2(Integer)
2021-08-17 13:29:31.660 [main] DEBUG c.i.o.d.S.queryShopAuthMapListByShopId - <==      Total: 1
2021-08-17 13:29:31.665 [main] DEBUG c.i.o2o.dao.ShopAuthMapDao.queryShopAuthMapById - ==>  Preparing: SELECT smap.shop_auth_id, smap.title, smap.title_flag, smap.create_time, smap.last_edit_time, smap.enable_status, p.user_id, p.name, s.shop_id, s.shop_name FROM tb_shop_auth_map smap, tb_person_info p, tb_shop s WHERE smap.employee_id = p.user_id AND smap.shop_id = s.shop_id AND smap.shop_auth_id = ?;
2021-08-17 13:29:31.666 [main] DEBUG c.i.o2o.dao.ShopAuthMapDao.queryShopAuthMapById - ==> Parameters: 3(Long)
2021-08-17 13:29:31.667 [main] DEBUG c.i.o2o.dao.ShopAuthMapDao.queryShopAuthMapById - <==      Total: 1
2021-08-17 13:29:31.668 [main] DEBUG c.i.o.d.ShopAuthMapDao.queryShopAuthCountByShopId - ==>  Preparing: SELECT count(1) FROM tb_shop_auth_map smap, tb_person_info p, tb_shop s WHERE smap.employee_id = p.user_id AND smap.shop_id = s.shop_id AND smap.shop_id = ?
2021-08-17 13:29:31.669 [main] DEBUG c.i.o.d.ShopAuthMapDao.queryShopAuthCountByShopId - ==> Parameters: 13(Long)
2021-08-17 13:29:31.670 [main] DEBUG c.i.o.d.ShopAuthMapDao.queryShopAuthCountByShopId - <==      Total: 1
2021-08-17 13:29:31.674 [main] DEBUG c.i.o.d.S.queryShopAuthMapListByShopId - ==>  Preparing: SELECT smap.shop_auth_id, smap.title, smap.title_flag, smap.create_time, smap.last_edit_time, smap.enable_status, p.user_id, p.name, s.shop_id, s.shop_name FROM tb_shop_auth_map smap, tb_person_info p, tb_shop s WHERE smap.employee_id = p.user_id AND smap.shop_id = s.shop_id AND smap.shop_id = ? LIMIT ?,?;
2021-08-17 13:29:31.675 [main] DEBUG c.i.o.d.S.queryShopAuthMapListByShopId - ==> Parameters: 13(Long), 0(Integer), 1(Integer)
2021-08-17 13:29:31.677 [main] DEBUG c.i.o.d.S.queryShopAuthMapListByShopId - <==      Total: 1
2021-08-17 13:29:31.700 [main] DEBUG com.imooc.o2o.dao.ShopAuthMapDao.updateShopAuthMap - ==>  Preparing: UPDATE tb_shop_auth_map SET title=?, title_flag=?, enable_status=?, last_edit_time=? WHERE shop_auth_id=?
2021-08-17 13:29:31.700 [main] DEBUG com.imooc.o2o.dao.ShopAuthMapDao.updateShopAuthMap - ==> Parameters: CCO(String), 2(Integer), 1(Integer), 2021-08-17 13:29:31.0(Timestamp), 3(Long)
2021-08-17 13:29:31.702 [main] DEBUG com.imooc.o2o.dao.ShopAuthMapDao.updateShopAuthMap - <==    Updates: 1
2021-08-17 13:29:31.706 [main] DEBUG c.i.o.d.S.queryShopAuthMapListByShopId - ==>  Preparing: SELECT smap.shop_auth_id, smap.title, smap.title_flag, smap.create_time, smap.last_edit_time, smap.enable_status, p.user_id, p.name, s.shop_id, s.shop_name FROM tb_shop_auth_map smap, tb_person_info p, tb_shop s WHERE smap.employee_id = p.user_id AND smap.shop_id = s.shop_id AND smap.shop_id = ? LIMIT ?,?;
2021-08-17 13:29:31.707 [main] DEBUG c.i.o.d.S.queryShopAuthMapListByShopId - ==> Parameters: 13(Long), 0(Integer), 1(Integer)
2021-08-17 13:29:31.709 [main] DEBUG c.i.o.d.S.queryShopAuthMapListByShopId - <==      Total: 1
2021-08-17 13:29:31.709 [main] DEBUG c.i.o.d.S.queryShopAuthMapListByShopId - ==>  Preparing: SELECT smap.shop_auth_id, smap.title, smap.title_flag, smap.create_time, smap.last_edit_time, smap.enable_status, p.user_id, p.name, s.shop_id, s.shop_name FROM tb_shop_auth_map smap, tb_person_info p, tb_shop s WHERE smap.employee_id = p.user_id AND smap.shop_id = s.shop_id AND smap.shop_id = ? LIMIT ?,?;
2021-08-17 13:29:31.710 [main] DEBUG c.i.o.d.S.queryShopAuthMapListByShopId - ==> Parameters: 14(Long), 0(Integer), 1(Integer)
2021-08-17 13:29:31.711 [main] DEBUG c.i.o.d.S.queryShopAuthMapListByShopId - <==      Total: 1
2021-08-17 13:29:31.711 [main] DEBUG com.imooc.o2o.dao.ShopAuthMapDao.deleteShopAuthMap - ==>  Preparing: DELETE FROM tb_shop_auth_map WHERE shop_auth_id = ?
2021-08-17 13:29:31.711 [main] DEBUG com.imooc.o2o.dao.ShopAuthMapDao.deleteShopAuthMap - ==> Parameters: 3(Long)
2021-08-17 13:29:31.713 [main] DEBUG com.imooc.o2o.dao.ShopAuthMapDao.deleteShopAuthMap - <==    Updates: 1
2021-08-17 13:29:31.713 [main] DEBUG com.imooc.o2o.dao.ShopAuthMapDao.deleteShopAuthMap - ==>  Preparing: DELETE FROM tb_shop_auth_map WHERE shop_auth_id = ?
2021-08-17 13:29:31.713 [main] DEBUG com.imooc.o2o.dao.ShopAuthMapDao.deleteShopAuthMap - ==> Parameters: 4(Long)
2021-08-17 13:29:31.715 [main] DEBUG com.imooc.o2o.dao.ShopAuthMapDao.deleteShopAuthMap - <==    Updates: 1
2021-08-17 13:53:27.438 [main] DEBUG com.imooc.o2o.dao.ShopAuthMapDaoTest - Running with Spring Boot v2.5.3, Spring v5.3.9
2021-08-17 13:53:30.887 [main] DEBUG com.imooc.o2o.dao.ShopAuthMapDao.insertShopAuthMap - ==>  Preparing: INSERT INTO tb_shop_auth_map(employee_id,shop_id, title,title_flag,create_time,last_edit_time,enable_status) VALUES (?,?, ?,?,?,?,?)
2021-08-17 13:53:30.918 [main] DEBUG com.imooc.o2o.dao.ShopAuthMapDao.insertShopAuthMap - ==> Parameters: 1(Long), 13(Long), CEO(String), 1(Integer), 2021-08-17 13:53:30.536(Timestamp), 2021-08-17 13:53:30.536(Timestamp), 1(Integer)
2021-08-17 13:53:30.921 [main] DEBUG com.imooc.o2o.dao.ShopAuthMapDao.insertShopAuthMap - <==    Updates: 1
2021-08-17 13:53:30.923 [main] DEBUG com.imooc.o2o.dao.ShopAuthMapDao.insertShopAuthMap - ==>  Preparing: INSERT INTO tb_shop_auth_map(employee_id,shop_id, title,title_flag,create_time,last_edit_time,enable_status) VALUES (?,?, ?,?,?,?,?)
2021-08-17 13:53:30.924 [main] DEBUG com.imooc.o2o.dao.ShopAuthMapDao.insertShopAuthMap - ==> Parameters: 1(Long), 14(Long), 打工仔(String), 2(Integer), 2021-08-17 13:53:30.923(Timestamp), 2021-08-17 13:53:30.923(Timestamp), 0(Integer)
2021-08-17 13:53:30.925 [main] DEBUG com.imooc.o2o.dao.ShopAuthMapDao.insertShopAuthMap - <==    Updates: 1
2021-08-17 13:53:30.943 [main] DEBUG c.i.o.d.S.queryShopAuthMapListByShopId - ==>  Preparing: SELECT smap.shop_auth_id, smap.title, smap.title_flag, smap.create_time, smap.last_edit_time, smap.enable_status, p.user_id, p.name, s.shop_id, s.shop_name FROM tb_shop_auth_map smap, tb_person_info p, tb_shop s WHERE smap.employee_id = p.user_id AND smap.shop_id = s.shop_id AND smap.shop_id = ? LIMIT ?,?;
2021-08-17 13:53:30.944 [main] DEBUG c.i.o.d.S.queryShopAuthMapListByShopId - ==> Parameters: 13(Long), 0(Integer), 2(Integer)
2021-08-17 13:53:30.962 [main] DEBUG c.i.o.d.S.queryShopAuthMapListByShopId - <==      Total: 1
2021-08-17 13:53:30.969 [main] DEBUG c.i.o2o.dao.ShopAuthMapDao.queryShopAuthMapById - ==>  Preparing: SELECT smap.shop_auth_id, smap.title, smap.title_flag, smap.create_time, smap.last_edit_time, smap.enable_status, p.user_id, p.name, s.shop_id, s.shop_name FROM tb_shop_auth_map smap, tb_person_info p, tb_shop s WHERE smap.employee_id = p.user_id AND smap.shop_id = s.shop_id AND smap.shop_auth_id = ?;
2021-08-17 13:53:30.969 [main] DEBUG c.i.o2o.dao.ShopAuthMapDao.queryShopAuthMapById - ==> Parameters: 5(Long)
2021-08-17 13:53:30.972 [main] DEBUG c.i.o2o.dao.ShopAuthMapDao.queryShopAuthMapById - <==      Total: 1
2021-08-17 13:53:30.973 [main] DEBUG c.i.o.d.ShopAuthMapDao.queryShopAuthCountByShopId - ==>  Preparing: SELECT count(1) FROM tb_shop_auth_map smap, tb_person_info p, tb_shop s WHERE smap.employee_id = p.user_id AND smap.shop_id = s.shop_id AND smap.shop_id = ?
2021-08-17 13:53:30.974 [main] DEBUG c.i.o.d.ShopAuthMapDao.queryShopAuthCountByShopId - ==> Parameters: 13(Long)
2021-08-17 13:53:30.975 [main] DEBUG c.i.o.d.ShopAuthMapDao.queryShopAuthCountByShopId - <==      Total: 1
2021-08-17 13:53:30.981 [main] DEBUG c.i.o.d.S.queryShopAuthMapListByShopId - ==>  Preparing: SELECT smap.shop_auth_id, smap.title, smap.title_flag, smap.create_time, smap.last_edit_time, smap.enable_status, p.user_id, p.name, s.shop_id, s.shop_name FROM tb_shop_auth_map smap, tb_person_info p, tb_shop s WHERE smap.employee_id = p.user_id AND smap.shop_id = s.shop_id AND smap.shop_id = ? LIMIT ?,?;
2021-08-17 13:53:30.982 [main] DEBUG c.i.o.d.S.queryShopAuthMapListByShopId - ==> Parameters: 13(Long), 0(Integer), 1(Integer)
2021-08-17 13:53:30.986 [main] DEBUG c.i.o.d.S.queryShopAuthMapListByShopId - <==      Total: 1
2021-08-17 13:53:31.019 [main] DEBUG com.imooc.o2o.dao.ShopAuthMapDao.updateShopAuthMap - ==>  Preparing: UPDATE tb_shop_auth_map SET title=?, title_flag=?, enable_status=?, last_edit_time=? WHERE shop_auth_id=?
2021-08-17 13:53:31.019 [main] DEBUG com.imooc.o2o.dao.ShopAuthMapDao.updateShopAuthMap - ==> Parameters: CCO(String), 2(Integer), 1(Integer), 2021-08-17 13:53:31.0(Timestamp), 5(Long)
2021-08-17 13:53:31.021 [main] DEBUG com.imooc.o2o.dao.ShopAuthMapDao.updateShopAuthMap - <==    Updates: 1
2021-08-17 13:53:31.026 [main] DEBUG c.i.o.d.S.queryShopAuthMapListByShopId - ==>  Preparing: SELECT smap.shop_auth_id, smap.title, smap.title_flag, smap.create_time, smap.last_edit_time, smap.enable_status, p.user_id, p.name, s.shop_id, s.shop_name FROM tb_shop_auth_map smap, tb_person_info p, tb_shop s WHERE smap.employee_id = p.user_id AND smap.shop_id = s.shop_id AND smap.shop_id = ? LIMIT ?,?;
2021-08-17 13:53:31.027 [main] DEBUG c.i.o.d.S.queryShopAuthMapListByShopId - ==> Parameters: 13(Long), 0(Integer), 1(Integer)
2021-08-17 13:53:31.029 [main] DEBUG c.i.o.d.S.queryShopAuthMapListByShopId - <==      Total: 1
2021-08-17 13:53:31.029 [main] DEBUG c.i.o.d.S.queryShopAuthMapListByShopId - ==>  Preparing: SELECT smap.shop_auth_id, smap.title, smap.title_flag, smap.create_time, smap.last_edit_time, smap.enable_status, p.user_id, p.name, s.shop_id, s.shop_name FROM tb_shop_auth_map smap, tb_person_info p, tb_shop s WHERE smap.employee_id = p.user_id AND smap.shop_id = s.shop_id AND smap.shop_id = ? LIMIT ?,?;
2021-08-17 13:53:31.030 [main] DEBUG c.i.o.d.S.queryShopAuthMapListByShopId - ==> Parameters: 14(Long), 0(Integer), 1(Integer)
2021-08-17 13:53:31.032 [main] DEBUG c.i.o.d.S.queryShopAuthMapListByShopId - <==      Total: 1
2021-08-17 13:53:31.032 [main] DEBUG com.imooc.o2o.dao.ShopAuthMapDao.deleteShopAuthMap - ==>  Preparing: DELETE FROM tb_shop_auth_map WHERE shop_auth_id = ?
2021-08-17 13:53:31.033 [main] DEBUG com.imooc.o2o.dao.ShopAuthMapDao.deleteShopAuthMap - ==> Parameters: 5(Long)
2021-08-17 13:53:31.034 [main] DEBUG com.imooc.o2o.dao.ShopAuthMapDao.deleteShopAuthMap - <==    Updates: 1
2021-08-17 13:53:31.034 [main] DEBUG com.imooc.o2o.dao.ShopAuthMapDao.deleteShopAuthMap - ==>  Preparing: DELETE FROM tb_shop_auth_map WHERE shop_auth_id = ?
2021-08-17 13:53:31.034 [main] DEBUG com.imooc.o2o.dao.ShopAuthMapDao.deleteShopAuthMap - ==> Parameters: 6(Long)
2021-08-17 13:53:31.035 [main] DEBUG com.imooc.o2o.dao.ShopAuthMapDao.deleteShopAuthMap - <==    Updates: 1
2021-08-17 13:53:38.298 [main] DEBUG com.imooc.o2o.O2oApplication - Running with Spring Boot v2.5.3, Spring v5.3.9
2021-08-17 13:53:55.421 [http-nio-8080-exec-7] DEBUG c.imooc.o2o.dao.ShopCategoryDao.queryShopCategory - ==>  Preparing: SELECT shop_category_id, shop_category_name, shop_category_desc, shop_category_img, priority, create_time, last_edit_time, parent_id FROM tb_shop_category WHERE parent_id is null ORDER BY priority DESC
2021-08-17 13:53:55.433 [http-nio-8080-exec-7] DEBUG c.imooc.o2o.dao.ShopCategoryDao.queryShopCategory - ==> Parameters: 
2021-08-17 13:53:55.449 [http-nio-8080-exec-7] DEBUG c.imooc.o2o.dao.ShopCategoryDao.queryShopCategory - <==      Total: 6
2021-08-17 13:53:55.471 [http-nio-8080-exec-7] DEBUG com.imooc.o2o.dao.HeadLineDao.queryHeadLine - ==>  Preparing: SELECT line_id, line_name, line_link, line_img, priority, enable_status, create_time, last_edit_time FROM tb_head_line WHERE enable_status = ? ORDER BY priority DESC
2021-08-17 13:53:55.471 [http-nio-8080-exec-7] DEBUG com.imooc.o2o.dao.HeadLineDao.queryHeadLine - ==> Parameters: 1(Integer)
2021-08-17 13:53:55.473 [http-nio-8080-exec-7] DEBUG com.imooc.o2o.dao.HeadLineDao.queryHeadLine - <==      Total: 4
2021-08-17 13:54:26.415 [http-nio-8080-exec-1] DEBUG c.i.o.dao.LocalAuthDao.queryLocalByUserNameAndPwd - ==>  Preparing: SELECT la.local_auth_id, la.username, la.password, la.create_time, la.user_id, la.last_edit_time, p.user_id, p.name, p.profile_img, p.email, p.gender, p.enable_status, p.user_type, p.create_time, p.last_edit_time FROM tb_local_auth la LEFT JOIN tb_person_info p ON la.user_id = p.user_id WHERE la.username = ? AND la.password = ?
2021-08-17 13:54:26.416 [http-nio-8080-exec-1] DEBUG c.i.o.dao.LocalAuthDao.queryLocalByUserNameAndPwd - ==> Parameters: testusername(String), s06l5bl5s05602ly2syls6556q56sb6e(String)
2021-08-17 13:54:26.419 [http-nio-8080-exec-1] DEBUG c.i.o.dao.LocalAuthDao.queryLocalByUserNameAndPwd - <==      Total: 1
2021-08-17 13:54:26.493 [http-nio-8080-exec-10] DEBUG com.imooc.o2o.dao.ShopDao.queryShopList - ==>  Preparing: SELECT s.shop_id, s.shop_name, s.shop_desc, s.shop_addr, s.phone, s.shop_img, s.priority, s.create_time, s.last_edit_time, s.enable_status, s.advice, a.area_id, a.area_name, sc.shop_category_id, sc.shop_category_name FROM tb_shop s, tb_area a, tb_shop_category sc WHERE s.owner_id = ? AND s.area_id = a.area_id AND s.shop_category_id = sc.shop_category_id ORDER BY s.priority DESC LIMIT ?,?
2021-08-17 13:54:26.493 [http-nio-8080-exec-10] DEBUG com.imooc.o2o.dao.ShopDao.queryShopList - ==> Parameters: 1(Long), 0(Integer), 100(Integer)
2021-08-17 13:54:26.498 [http-nio-8080-exec-10] DEBUG com.imooc.o2o.dao.ShopDao.queryShopList - <==      Total: 4
2021-08-17 13:54:26.499 [http-nio-8080-exec-10] DEBUG com.imooc.o2o.dao.ShopDao.queryShopCount - ==>  Preparing: SELECT count(1) FROM tb_shop s, tb_area a, tb_shop_category sc WHERE s.owner_id = ? AND s.area_id = a.area_id AND s.shop_category_id = sc.shop_category_id
2021-08-17 13:54:26.499 [http-nio-8080-exec-10] DEBUG com.imooc.o2o.dao.ShopDao.queryShopCount - ==> Parameters: 1(Long)
2021-08-17 13:54:26.500 [http-nio-8080-exec-10] DEBUG com.imooc.o2o.dao.ShopDao.queryShopCount - <==      Total: 1
